
  .   ____          _            __ _ _
 /\\ / ___'_ __ _ _(_)_ __  __ _ \ \ \ \
( ( )\___ | '_ | '_| | '_ \/ _` | \ \ \ \
 \\/  ___)| |_)| | | | | || (_| |  ) ) ) )
  '  |____| .__|_| |_|_| |_\__, | / / / /
 =========|_|==============|___/=/_/_/_/

 :: Spring Boot ::                (v3.3.4)

2025-09-23T22:22:08.442-05:00  INFO 7692 --- [UrbanTracker] [           main] c.s.u.UrbanTrackerApplication            : Starting UrbanTrackerApplication using Java 23.0.2 with PID 7692 (C:\Users\FINKA\UrbanTracker\Backend\target\classes started by FINKA in C:\Users\FINKA\UrbanTracker\Backend)
2025-09-23T22:22:08.444-05:00  INFO 7692 --- [UrbanTracker] [           main] c.s.u.UrbanTrackerApplication            : No active profile set, falling back to 1 default profile: "default"
2025-09-23T22:22:09.610-05:00  INFO 7692 --- [UrbanTracker] [           main] .s.d.r.c.RepositoryConfigurationDelegate : Bootstrapping Spring Data JPA repositories in DEFAULT mode.
2025-09-23T22:22:09.918-05:00  INFO 7692 --- [UrbanTracker] [           main] .s.d.r.c.RepositoryConfigurationDelegate : Finished Spring Data repository scanning in 297 ms. Found 16 JPA repository interfaces.
2025-09-23T22:22:10.094-05:00  INFO 7692 --- [UrbanTracker] [           main] faultConfiguringBeanFactoryPostProcessor : No bean named 'errorChannel' has been explicitly defined. Therefore, a default PublishSubscribeChannel will be created.
2025-09-23T22:22:10.109-05:00  INFO 7692 --- [UrbanTracker] [           main] faultConfiguringBeanFactoryPostProcessor : No bean named 'integrationHeaderChannelRegistry' has been explicitly defined. Therefore, a default DefaultHeaderChannelRegistry will be created.
2025-09-23T22:22:10.925-05:00  INFO 7692 --- [UrbanTracker] [           main] o.s.b.w.embedded.tomcat.TomcatWebServer  : Tomcat initialized with port 8085 (http)
2025-09-23T22:22:10.952-05:00  INFO 7692 --- [UrbanTracker] [           main] o.apache.catalina.core.StandardService   : Starting service [Tomcat]
2025-09-23T22:22:10.952-05:00  INFO 7692 --- [UrbanTracker] [           main] o.apache.catalina.core.StandardEngine    : Starting Servlet engine: [Apache Tomcat/10.1.30]
2025-09-23T22:22:11.071-05:00  INFO 7692 --- [UrbanTracker] [           main] o.a.c.c.C.[Tomcat].[localhost].[/]       : Initializing Spring embedded WebApplicationContext
2025-09-23T22:22:11.073-05:00  INFO 7692 --- [UrbanTracker] [           main] w.s.c.ServletWebServerApplicationContext : Root WebApplicationContext: initialization completed in 2564 ms
2025-09-23T22:22:11.288-05:00  INFO 7692 --- [UrbanTracker] [           main] o.hibernate.jpa.internal.util.LogHelper  : HHH000204: Processing PersistenceUnitInfo [name: default]
2025-09-23T22:22:11.370-05:00  INFO 7692 --- [UrbanTracker] [           main] org.hibernate.Version                    : HHH000412: Hibernate ORM core version 6.5.3.Final
2025-09-23T22:22:11.416-05:00  INFO 7692 --- [UrbanTracker] [           main] o.h.c.internal.RegionFactoryInitiator    : HHH000026: Second-level cache disabled
2025-09-23T22:22:11.807-05:00  INFO 7692 --- [UrbanTracker] [           main] o.s.o.j.p.SpringPersistenceUnitInfo      : No LoadTimeWeaver setup: ignoring JPA class transformer
2025-09-23T22:22:11.850-05:00  INFO 7692 --- [UrbanTracker] [           main] com.zaxxer.hikari.HikariDataSource       : HikariPool-1 - Starting...
2025-09-23T22:22:12.044-05:00  INFO 7692 --- [UrbanTracker] [           main] com.zaxxer.hikari.pool.HikariPool        : HikariPool-1 - Added connection org.postgresql.jdbc.PgConnection@43b172e3
2025-09-23T22:22:12.045-05:00  INFO 7692 --- [UrbanTracker] [           main] com.zaxxer.hikari.HikariDataSource       : HikariPool-1 - Start completed.
2025-09-23T22:22:12.092-05:00  WARN 7692 --- [UrbanTracker] [           main] org.hibernate.orm.deprecation            : HHH90000025: PostgreSQLDialect does not need to be specified explicitly using 'hibernate.dialect' (remove the property setting and it will be selected by default)
2025-09-23T22:22:13.567-05:00  INFO 7692 --- [UrbanTracker] [           main] o.h.e.t.j.p.i.JtaPlatformInitiator       : HHH000489: No JTA platform available (set 'hibernate.transaction.jta.platform' to enable JTA platform integration)
Hibernate: 
    alter table if exists routes.route 
       alter column description set data type TEXT
Hibernate: 
    alter table if exists vehicles.vehicle_assignment 
       alter column note set data type TEXT
2025-09-23T22:22:14.038-05:00  INFO 7692 --- [UrbanTracker] [           main] j.LocalContainerEntityManagerFactoryBean : Initialized JPA EntityManagerFactory for persistence unit 'default'
2025-09-23T22:22:14.383-05:00  INFO 7692 --- [UrbanTracker] [           main] o.s.d.j.r.query.QueryEnhancerFactory     : Hibernate is in classpath; If applicable, HQL parser will be used.
2025-09-23T22:22:15.126-05:00  INFO 7692 --- [UrbanTracker] [           main] c.s.u.r.a.service.RouteScheduleService   : RouteScheduleService bean created
2025-09-23T22:22:15.357-05:00  INFO 7692 --- [UrbanTracker] [           main] c.s.u.s.a.service.ServiceFactoryImpl     : Servicios CRUD registrados en ServiceFactory:
2025-09-23T22:22:15.359-05:00  INFO 7692 --- [UrbanTracker] [           main] c.s.u.s.a.service.ServiceFactoryImpl     :    - VEHICLE -> VehicleService
2025-09-23T22:22:15.359-05:00  INFO 7692 --- [UrbanTracker] [           main] c.s.u.s.a.service.ServiceFactoryImpl     :    - VEHICLE_TYPE -> VehicleTypeService
2025-09-23T22:22:15.359-05:00  INFO 7692 --- [UrbanTracker] [           main] c.s.u.s.a.service.ServiceFactoryImpl     :    - VEHICLE_ASSIGMENT -> VehicleAssigmentService
2025-09-23T22:22:15.359-05:00  INFO 7692 --- [UrbanTracker] [           main] c.s.u.s.a.service.ServiceFactoryImpl     :    - DRIVER -> DriverService
2025-09-23T22:22:15.359-05:00  INFO 7692 --- [UrbanTracker] [           main] c.s.u.s.a.service.ServiceFactoryImpl     :    - COMPANY -> CompanyService
2025-09-23T22:22:15.359-05:00  INFO 7692 --- [UrbanTracker] [           main] c.s.u.s.a.service.ServiceFactoryImpl     :    - IDENTIFICATION_TYPE -> IdentificationTypeService
2025-09-23T22:22:15.359-05:00  INFO 7692 --- [UrbanTracker] [           main] c.s.u.s.a.service.ServiceFactoryImpl     :    - USER_IDENTIFICATION -> UserIdentificationService
2025-09-23T22:22:15.359-05:00  INFO 7692 --- [UrbanTracker] [           main] c.s.u.s.a.service.ServiceFactoryImpl     :    - USER_PROFILE -> UserProfileService
2025-09-23T22:22:15.360-05:00  INFO 7692 --- [UrbanTracker] [           main] c.s.u.s.a.service.ServiceFactoryImpl     :    - ROUTE -> RouteService$$SpringCGLIB$$0
2025-09-23T22:22:15.360-05:00  INFO 7692 --- [UrbanTracker] [           main] c.s.u.s.a.service.ServiceFactoryImpl     :    - ROUTE_WAYPOINT -> RouteWaypointService$$SpringCGLIB$$0
2025-09-23T22:22:15.360-05:00  INFO 7692 --- [UrbanTracker] [           main] c.s.u.s.a.service.ServiceFactoryImpl     :    - ROUTE_SCHEDULE -> RouteScheduleService$$SpringCGLIB$$0
2025-09-23T22:22:15.360-05:00  INFO 7692 --- [UrbanTracker] [           main] c.s.u.s.a.service.ServiceFactoryImpl     :    - ROUTE_TRAJECTORY -> RouteTrajectoryService$$SpringCGLIB$$0
2025-09-23T22:22:15.360-05:00  INFO 7692 --- [UrbanTracker] [           main] c.s.u.s.a.service.ServiceFactoryImpl     :    - ROLE -> RoleService
2025-09-23T22:22:15.465-05:00  INFO 7692 --- [UrbanTracker] [           main] eAuthenticationProviderManagerConfigurer : Global AuthenticationManager configured with AuthenticationProvider bean with name getAuthenticationProvider
2025-09-23T22:22:15.466-05:00  WARN 7692 --- [UrbanTracker] [           main] r$InitializeUserDetailsManagerConfigurer : Global AuthenticationManager configured with an AuthenticationProvider bean. UserDetailsService beans will not be used for username/password login. Consider removing the AuthenticationProvider bean. Alternatively, consider using the UserDetailsService in a manually instantiated DaoAuthenticationProvider.
2025-09-23T22:22:15.695-05:00  WARN 7692 --- [UrbanTracker] [           main] JpaBaseConfiguration$JpaWebConfiguration : spring.jpa.open-in-view is enabled by default. Therefore, database queries may be performed during view rendering. Explicitly configure spring.jpa.open-in-view to disable this warning
2025-09-23T22:22:16.853-05:00  INFO 7692 --- [UrbanTracker] [           main] o.s.i.endpoint.EventDrivenConsumer       : Adding {logging-channel-adapter:_org.springframework.integration.errorLogger} as a subscriber to the 'errorChannel' channel
2025-09-23T22:22:16.853-05:00  INFO 7692 --- [UrbanTracker] [           main] o.s.i.channel.PublishSubscribeChannel    : Channel 'UrbanTracker.errorChannel' has 1 subscriber(s).
2025-09-23T22:22:16.853-05:00  INFO 7692 --- [UrbanTracker] [           main] o.s.i.endpoint.EventDrivenConsumer       : started bean '_org.springframework.integration.errorLogger'
2025-09-23T22:22:16.860-05:00  INFO 7692 --- [UrbanTracker] [           main] o.s.i.endpoint.EventDrivenConsumer       : Removing {logging-channel-adapter:_org.springframework.integration.errorLogger} as a subscriber to the 'errorChannel' channel
2025-09-23T22:22:16.860-05:00  INFO 7692 --- [UrbanTracker] [           main] o.s.i.channel.PublishSubscribeChannel    : Channel 'UrbanTracker.errorChannel' has 0 subscriber(s).
2025-09-23T22:22:16.860-05:00  INFO 7692 --- [UrbanTracker] [           main] o.s.i.endpoint.EventDrivenConsumer       : stopped bean '_org.springframework.integration.errorLogger'
2025-09-23T22:22:16.860-05:00  WARN 7692 --- [UrbanTracker] [           main] ConfigServletWebServerApplicationContext : Exception encountered during context initialization - cancelling refresh attempt: org.springframework.context.ApplicationContextException: Failed to start bean 'webServerStartStop'
2025-09-23T22:22:16.864-05:00  INFO 7692 --- [UrbanTracker] [           main] j.LocalContainerEntityManagerFactoryBean : Closing JPA EntityManagerFactory for persistence unit 'default'
2025-09-23T22:22:16.866-05:00  INFO 7692 --- [UrbanTracker] [           main] com.zaxxer.hikari.HikariDataSource       : HikariPool-1 - Shutdown initiated...
2025-09-23T22:22:16.872-05:00  INFO 7692 --- [UrbanTracker] [           main] com.zaxxer.hikari.HikariDataSource       : HikariPool-1 - Shutdown completed.
2025-09-23T22:22:16.890-05:00  INFO 7692 --- [UrbanTracker] [           main] .s.b.a.l.ConditionEvaluationReportLogger : 

Error starting ApplicationContext. To display the condition evaluation report re-run your application with 'debug' enabled.
2025-09-23T22:22:16.911-05:00 ERROR 7692 --- [UrbanTracker] [           main] o.s.b.d.LoggingFailureAnalysisReporter   : 

***************************
APPLICATION FAILED TO START
***************************

Description:

Web server failed to start. Port 8085 was already in use.

Action:

Identify and stop the process that's listening on port 8085 or configure this application to listen on another port.

[ERROR] Failed to execute goal org.springframework.boot:spring-boot-maven-plugin:3.3.4:run (default-cli) on project UrbanTracker: Process terminated with exit code: 1 -> [Help 1]
[ERROR] 
[ERROR] To see the full stack trace of the errors, re-run Maven with the -e switch.
[ERROR] Re-run Maven using the -X switch to enable full debug logging.
[ERROR] 
[ERROR] For more information about the errors and possible solutions, please read the following articles:
[ERROR] [Help 1] http://cwiki.apache.org/confluence/display/MAVEN/MojoExecutionException

C:\Users\FINKA\UrbanTracker\Backend>